::1 - - [28/Apr/2024:16:32:03 +0000] "GET / HTTP/1.1" 200 2949
::1 - - [28/Apr/2024:16:32:03 +0000] "GET /static/sendRequest.js HTTP/1.1" 304 -
::1 - - [28/Apr/2024:16:32:04 +0000] "GET /post/0 HTTP/1.1" 200 3218
::1 - - [28/Apr/2024:16:32:04 +0000] "GET /static/sendRequest.js HTTP/1.1" 304 -
::1 - - [28/Apr/2024:16:32:06 +0000] "GET /post-update?postId=0 HTTP/1.1" 304 -
::1 - - [28/Apr/2024:16:32:06 +0000] "GET /static/sendRequest.js HTTP/1.1" 304 -
::1 - - [28/Apr/2024:16:32:11 +0000] "PUT /post HTTP/1.1" 303 33
::1 - - [28/Apr/2024:16:32:11 +0000] "GET /post-update?postId=0&title=title2&category=category&description=description&content=content&author=author HTTP/1.1" 200 3441
::1 - - [28/Apr/2024:16:32:11 +0000] "GET /post/0 HTTP/1.1" 200 3219
::1 - - [28/Apr/2024:16:32:11 +0000] "GET /static/sendRequest.js HTTP/1.1" 304 -
::1 - - [28/Apr/2024:16:32:15 +0000] "PUT /post HTTP/1.1" 303 33
::1 - - [28/Apr/2024:16:32:15 +0000] "GET /post-update?postId=0&title=title2&category=category&description=description&content=content&author=author HTTP/1.1" 304 -
::1 - - [28/Apr/2024:16:32:15 +0000] "GET /post/0 HTTP/1.1" 200 3219
::1 - - [28/Apr/2024:16:32:15 +0000] "GET /static/sendRequest.js HTTP/1.1" 304 -
::1 - - [28/Apr/2024:16:32:17 +0000] "GET / HTTP/1.1" 200 2950
::1 - - [28/Apr/2024:16:32:17 +0000] "GET /static/sendRequest.js HTTP/1.1" 304 -
::1 - - [28/Apr/2024:16:32:25 +0000] "GET /post/0 HTTP/1.1" 200 3219
::1 - - [28/Apr/2024:16:32:25 +0000] "GET /static/sendRequest.js HTTP/1.1" 304 -
::1 - - [28/Apr/2024:16:32:56 +0000] "GET /post/0 HTTP/1.1" 304 -
::1 - - [28/Apr/2024:16:32:56 +0000] "GET /static/sendRequest.js HTTP/1.1" 304 -
::1 - - [28/Apr/2024:16:32:58 +0000] "GET /post-update?postId=0 HTTP/1.1" 200 3441
::1 - - [28/Apr/2024:16:32:58 +0000] "GET /static/sendRequest.js HTTP/1.1" 304 -
::1 - - [28/Apr/2024:16:33:02 +0000] "PUT /post HTTP/1.1" 303 33
::1 - - [28/Apr/2024:16:33:02 +0000] "GET /post/0 HTTP/1.1" 200 3219
::1 - - [28/Apr/2024:16:33:02 +0000] "GET /post/0 HTTP/1.1" 304 -
::1 - - [28/Apr/2024:16:33:02 +0000] "GET /static/sendRequest.js HTTP/1.1" 304 -
::1 - - [28/Apr/2024:16:33:05 +0000] "GET / HTTP/1.1" 200 2950
::1 - - [28/Apr/2024:16:33:05 +0000] "GET /static/sendRequest.js HTTP/1.1" 304 -
::1 - - [28/Apr/2024:16:44:49 +0000] "GET / HTTP/1.1" 200 2950
::1 - - [28/Apr/2024:16:44:49 +0000] "GET /static/sendRequest.js HTTP/1.1" 304 -
::1 - - [28/Apr/2024:16:44:51 +0000] "GET /post/0 HTTP/1.1" 304 -
::1 - - [28/Apr/2024:16:44:51 +0000] "GET /static/sendRequest.js HTTP/1.1" 304 -
::1 - - [28/Apr/2024:16:44:52 +0000] "GET /post-update?postId=0 HTTP/1.1" 200 3441
::1 - - [28/Apr/2024:16:44:52 +0000] "GET /static/sendRequest.js HTTP/1.1" 304 -
::1 - - [28/Apr/2024:16:44:54 +0000] "PUT /post HTTP/1.1" 303 33
::1 - - [28/Apr/2024:16:44:54 +0000] "GET /post/0 HTTP/1.1" 200 3219
::1 - - [28/Apr/2024:16:44:54 +0000] "GET /post/0 HTTP/1.1" 304 -
::1 - - [28/Apr/2024:16:44:54 +0000] "GET /static/sendRequest.js HTTP/1.1" 304 -
::1 - - [28/Apr/2024:16:44:56 +0000] "GET /post-update?postId=0 HTTP/1.1" 304 -
::1 - - [28/Apr/2024:16:44:56 +0000] "GET /static/sendRequest.js HTTP/1.1" 304 -
::1 - - [28/Apr/2024:16:44:57 +0000] "PUT /post HTTP/1.1" 303 33
::1 - - [28/Apr/2024:16:44:57 +0000] "GET /post/0 HTTP/1.1" 200 3219
::1 - - [28/Apr/2024:16:44:57 +0000] "GET /post/0 HTTP/1.1" 304 -
::1 - - [28/Apr/2024:16:44:57 +0000] "GET /static/sendRequest.js HTTP/1.1" 304 -
::1 - - [28/Apr/2024:16:44:58 +0000] "GET / HTTP/1.1" 200 2950
::1 - - [28/Apr/2024:16:44:58 +0000] "GET /static/sendRequest.js HTTP/1.1" 304 -
::1 - - [28/Apr/2024:16:45:00 +0000] "GET /post/0 HTTP/1.1" 304 -
::1 - - [28/Apr/2024:16:45:00 +0000] "GET /static/sendRequest.js HTTP/1.1" 304 -
::1 - - [28/Apr/2024:16:45:01 +0000] "DELETE /post HTTP/1.1" 303 27
::1 - - [28/Apr/2024:16:45:01 +0000] "GET / HTTP/1.1" 200 2205
::1 - - [28/Apr/2024:16:45:01 +0000] "GET / HTTP/1.1" 304 -
::1 - - [28/Apr/2024:16:45:01 +0000] "GET /static/sendRequest.js HTTP/1.1" 304 -
::1 - - [28/Apr/2024:16:45:02 +0000] "GET / HTTP/1.1" 304 -
::1 - - [28/Apr/2024:16:45:02 +0000] "GET /static/sendRequest.js HTTP/1.1" 304 -
::1 - - [28/Apr/2024:16:45:03 +0000] "GET /post-create HTTP/1.1" 304 -
::1 - - [28/Apr/2024:16:45:03 +0000] "GET /static/sendRequest.js HTTP/1.1" 304 -
::1 - - [28/Apr/2024:16:45:07 +0000] "POST /post HTTP/1.1" 303 62
::1 - - [28/Apr/2024:16:45:07 +0000] "GET /post/1 HTTP/1.1" 200 3214
::1 - - [28/Apr/2024:16:45:07 +0000] "GET /static/sendRequest.js HTTP/1.1" 304 -
::1 - - [28/Apr/2024:16:45:10 +0000] "GET / HTTP/1.1" 200 2941
::1 - - [28/Apr/2024:16:45:10 +0000] "GET /static/sendRequest.js HTTP/1.1" 304 -
::1 - - [28/Apr/2024:16:45:11 +0000] "GET /post-create HTTP/1.1" 304 -
::1 - - [28/Apr/2024:16:45:11 +0000] "GET /static/sendRequest.js HTTP/1.1" 304 -
::1 - - [28/Apr/2024:16:45:16 +0000] "POST /post HTTP/1.1" 303 62
::1 - - [28/Apr/2024:16:45:16 +0000] "GET /post/2 HTTP/1.1" 200 3216
::1 - - [28/Apr/2024:16:45:16 +0000] "GET /static/sendRequest.js HTTP/1.1" 304 -
::1 - - [28/Apr/2024:16:45:19 +0000] "GET / HTTP/1.1" 200 3679
::1 - - [28/Apr/2024:16:45:19 +0000] "GET /static/sendRequest.js HTTP/1.1" 304 -
::1 - - [28/Apr/2024:16:45:21 +0000] "GET /post-create HTTP/1.1" 304 -
::1 - - [28/Apr/2024:16:45:21 +0000] "GET /static/sendRequest.js HTTP/1.1" 304 -
::1 - - [28/Apr/2024:16:45:22 +0000] "GET /post-create HTTP/1.1" 304 -
::1 - - [28/Apr/2024:16:45:22 +0000] "GET /static/sendRequest.js HTTP/1.1" 304 -
::1 - - [28/Apr/2024:16:45:26 +0000] "POST /post HTTP/1.1" 303 62
::1 - - [28/Apr/2024:16:45:26 +0000] "GET /post/3 HTTP/1.1" 200 3212
::1 - - [28/Apr/2024:16:45:26 +0000] "GET /static/sendRequest.js HTTP/1.1" 304 -
::1 - - [28/Apr/2024:16:45:29 +0000] "GET /post-create HTTP/1.1" 304 -
::1 - - [28/Apr/2024:16:45:29 +0000] "GET /static/sendRequest.js HTTP/1.1" 304 -
::1 - - [28/Apr/2024:16:45:30 +0000] "GET / HTTP/1.1" 200 4413
::1 - - [28/Apr/2024:16:45:30 +0000] "GET /static/sendRequest.js HTTP/1.1" 304 -
::1 - - [28/Apr/2024:16:45:32 +0000] "GET /post/2 HTTP/1.1" 304 -
::1 - - [28/Apr/2024:16:45:32 +0000] "GET /static/sendRequest.js HTTP/1.1" 304 -
::1 - - [28/Apr/2024:16:45:34 +0000] "DELETE /post HTTP/1.1" 303 27
::1 - - [28/Apr/2024:16:45:34 +0000] "GET / HTTP/1.1" 200 3675
::1 - - [28/Apr/2024:16:45:34 +0000] "GET / HTTP/1.1" 304 -
::1 - - [28/Apr/2024:16:45:34 +0000] "GET /static/sendRequest.js HTTP/1.1" 304 -
